<?xml version="1.0" encoding="UTF-8"?>
<testsuite name="ohtuesimerkki.StatisticsTest" tests="4" skipped="0" failures="0" errors="0" timestamp="2019-11-03T19:54:06" hostname="Sami-PC" time="0.008">
  <properties/>
  <testcase name="teamSearchWorks" classname="ohtuesimerkki.StatisticsTest" time="0.005"/>
  <testcase name="playerSearchWorks" classname="ohtuesimerkki.StatisticsTest" time="0.001"/>
  <testcase name="topScorersWorksWithWholeList" classname="ohtuesimerkki.StatisticsTest" time="0.002"/>
  <testcase name="playerSearchWorksWhenNotFound" classname="ohtuesimerkki.StatisticsTest" time="0.0"/>
  <system-out><![CDATA[]]></system-out>
  <system-err><![CDATA[]]></system-err>
</testsuite>
